\BOOKMARK [0][-]{chapter.1}{\376\377\000P\000r\000o\000g\000r\000a\000m\000\040\000N\000a\000m\000e}{}% 1
\BOOKMARK [1][-]{section.1.1}{\376\377\000E\000x\000e\000c\000u\000t\000i\000v\000e\000\040\000s\000u\000m\000m\000a\000r\000y}{chapter.1}% 2
\BOOKMARK [0][-]{chapter.2}{\376\377\000B\000u\000s\000i\000n\000e\000s\000s\000\040\000D\000e\000s\000i\000g\000n}{}% 3
\BOOKMARK [0][-]{chapter.3}{\376\377\000R\000e\000q\000u\000i\000r\000e\000m\000e\000n\000t\000s\000\040\000B\000a\000s\000e\000l\000i\000n\000e}{}% 4
\BOOKMARK [1][-]{section.3.1}{\376\377\000P\000h\000y\000s\000i\000c\000a\000l\000\040\000p\000r\000o\000p\000e\000r\000t\000i\000e\000s\000\040\000o\000f\000\040\000t\000h\000e\000\040\000e\000d\000g\000e\000\040\000p\000l\000a\000s\000m\000a}{chapter.3}% 5
\BOOKMARK [1][-]{section.3.2}{\376\377\000E\000n\000g\000i\000n\000e\000e\000r\000i\000n\000g\000\040\000R\000e\000q\000u\000i\000r\000e\000m\000e\000n\000t\000s\000\040\000B\000a\000s\000e\000l\000i\000n\000e}{chapter.3}% 6
\BOOKMARK [1][-]{section.3.3}{\376\377\000U\000s\000e\000\040\000C\000a\000s\000e\000s}{chapter.3}% 7
\BOOKMARK [1][-]{section.3.4}{\376\377\000G\000e\000n\000e\000r\000a\000l\000\040\000R\000e\000m\000a\000r\000k\000s}{chapter.3}% 8
\BOOKMARK [0][-]{chapter.4}{\376\377\000T\000e\000c\000h\000n\000i\000c\000a\000l\000\040\000S\000p\000e\000c\000i\000f\000i\000c\000a\000t\000i\000o\000n}{}% 9
\BOOKMARK [1][-]{section.4.1}{\376\377\000R\000e\000s\000p\000o\000n\000s\000e\000\040\000t\000o\000\040\000T\000o\000k\000a\000m\000a\000k\000\040\000S\000c\000i\000e\000n\000c\000e\000\040\000D\000i\000v\000i\000s\000i\000o\000n}{chapter.4}% 10
\BOOKMARK [1][-]{section.1.4.A}{\376\377\000O\000r\000d\000e\000r\000-\000o\000f\000-\000m\000a\000g\000n\000i\000t\000u\000d\000e\000\040\000e\000s\000t\000i\000m\000a\000t\000e\000s\000\040\000f\000o\000r\000\040\000t\000o\000k\000a\000m\000a\000k\000\040\000e\000d\000g\000e\000\040\000m\000o\000d\000e\000l\000l\000i\000n\000g}{chapter.4}% 11
\BOOKMARK [1][-]{section.4.2}{\376\377\000S\000o\000f\000t\000w\000a\000r\000e\000\040\000E\000n\000g\000i\000n\000e\000e\000r\000i\000n\000g\000\040\000R\000e\000s\000p\000o\000n\000s\000e}{chapter.4}% 12
\BOOKMARK [1][-]{section.4.3}{\376\377\000G\000e\000n\000e\000r\000a\000t\000i\000n\000g\000\040\000N\000a\000m\000e\000s\000\040\000f\000o\000r\000\040\000V\000a\000r\000i\000a\000b\000l\000e\000s}{chapter.4}% 13
\BOOKMARK [0][-]{appendix.5}{\376\377\000D\000e\000s\000i\000g\000n\000\040\000J\000u\000s\000t\000i\000f\000i\000c\000a\000t\000i\000o\000n\000\040\000F\000i\000l\000e}{}% 14
\BOOKMARK [1][-]{section.5.1}{\376\377\000U\000K\000A\000E\000A\000\040\000\050\000I\000n\000t\000e\000r\000n\000a\000l\000\051\000\040\000R\000e\000p\000o\000r\000t\000s}{appendix.5}% 15
\BOOKMARK [0][-]{appendix.6}{\376\377\000D\000e\000s\000i\000g\000n\000\040\000D\000e\000f\000i\000n\000i\000t\000i\000o\000n\000\040\000F\000i\000l\000e}{}% 16
\BOOKMARK [1][-]{section.6.1}{\376\377\000D\000e\000s\000i\000g\000n\000\040\000s\000p\000e\000c\000i\000f\000i\000c\000a\000t\000i\000o\000n}{appendix.6}% 17
\BOOKMARK [1][-]{section.6.2}{\376\377\000O\000b\000j\000e\000c\000t\000s\000/\000c\000l\000a\000s\000s\000e\000s}{appendix.6}% 18
\BOOKMARK [1][-]{section.6.3}{\376\377\000E\000x\000e\000c\000u\000t\000i\000o\000n\000\040\000s\000e\000q\000u\000e\000n\000c\000e}{appendix.6}% 19
\BOOKMARK [1][-]{section.6.4}{\376\377\000D\000e\000s\000i\000g\000n\000\040\000p\000a\000t\000t\000e\000r\000n\000s}{appendix.6}% 20
\BOOKMARK [0][-]{appendix.7}{\376\377\000M\000a\000n\000a\000g\000e\000m\000e\000n\000t\000\040\000F\000i\000l\000e}{}% 21
\BOOKMARK [1][-]{section.7.1}{\376\377\000I\000n\000t\000r\000o\000d\000u\000c\000t\000i\000o\000n}{appendix.7}% 22
\BOOKMARK [1][-]{section.7.2}{\376\377\000M\000a\000n\000a\000g\000e\000m\000e\000n\000t}{appendix.7}% 23
\BOOKMARK [1][-]{section.7.3}{\376\377\000E\000x\000C\000A\000L\000I\000B\000U\000R\000\040\000P\000r\000o\000j\000e\000c\000t\000\040\000N\000E\000P\000T\000U\000N\000E\000\040\000C\000h\000a\000r\000t\000e\000r}{appendix.7}% 24
\BOOKMARK [0][-]{appendix.8}{\376\377\000M\000a\000i\000n\000t\000e\000n\000a\000n\000c\000e\000\040\000F\000i\000l\000e}{}% 25
\BOOKMARK [0][-]{appendix.9}{\376\377\000O\000p\000e\000r\000a\000t\000i\000o\000n\000a\000l\000\040\000D\000o\000c\000u\000m\000e\000n\000t\000a\000t\000i\000o\000n}{}% 26
\BOOKMARK [1][-]{section.9.1}{\376\377\000D\000o\000c\000u\000m\000e\000n\000t\000a\000t\000i\000o\000n\000\040\000G\000e\000n\000e\000r\000a\000l\000l\000y}{appendix.9}% 27
\BOOKMARK [1][-]{section.9.2}{\376\377\000D\000e\000v\000e\000l\000o\000p\000e\000r\000\040\000M\000a\000n\000u\000a\000l}{appendix.9}% 28
\BOOKMARK [1][-]{section.9.3}{\376\377\000U\000s\000e\000r\000\040\000M\000a\000n\000u\000a\000l}{appendix.9}% 29
\BOOKMARK [1][-]{section.9.4}{\376\377\000F\000e\000e\000d\000b\000a\000c\000k\000\040\000a\000n\000d\000\040\000C\000o\000m\000m\000u\000n\000i\000c\000a\000t\000i\000o\000n}{appendix.9}% 30
\BOOKMARK [0][-]{appendix.10}{\376\377\000P\000r\000o\000x\000y\000a\000p\000p\000s}{}% 31
\BOOKMARK [1][-]{section.10.1}{\376\377\000N\000e\000k\000t\000a\000r\000-\000D\000r\000i\000f\000t\000w\000a\000v\000e}{appendix.10}% 32
\BOOKMARK [1][-]{section.10.2}{\376\377\000N\000e\000k\000t\000a\000r\000-\000D\000i\000f\000f\000u\000s\000i\000o\000n}{appendix.10}% 33
\BOOKMARK [1][-]{section.10.3}{\376\377\000N\000e\000k\000t\000a\000r\000-\0001\000D\000-\000S\000O\000L}{appendix.10}% 34
\BOOKMARK [1][-]{section.10.4}{\376\377\000F\000a\000b\000N\000E\000P\000T\000U\000N\000E}{appendix.10}% 35
\BOOKMARK [1][-]{section.10.5}{\376\377\000M\000o\000m\000e\000n\000t\000\137\000K\000i\000n\000e\000t\000i\000c\000s}{appendix.10}% 36
\BOOKMARK [1][-]{section.10.6}{\376\377\000N\000E\000S\000O}{appendix.10}% 37
\BOOKMARK [0][-]{appendix.11}{\376\377\000R\000e\000f\000e\000r\000e\000n\000c\000e\000\040\000M\000a\000t\000e\000r\000i\000a\000l}{}% 38
\BOOKMARK [1][-]{section.11.1}{\376\377\000C\000o\000n\000v\000e\000n\000t\000i\000o\000n\000s\000\040\000f\000o\000r\000\040\000R\000e\000p\000o\000r\000t\000\040\000W\000r\000i\000t\000i\000n\000g}{appendix.11}% 39
\BOOKMARK [1][-]{section.11.2}{\376\377\000A\000c\000r\000o\000n\000y\000m\000s}{appendix.11}% 40
\BOOKMARK [1][-]{section.11.3}{\376\377\000S\000y\000m\000b\000o\000l\000s}{appendix.11}% 41
\BOOKMARK [0][-]{appendix.12}{\376\377\000I\000n\000d\000e\000x}{}% 42
